[     805ms] [ERROR] Failed to load resource: the server responded with a status of 404 (Not Found) @ http://localhost:3000/favicon.ico:0
[    1631ms] [ERROR] Failed to load resource: the server responded with a status of 404 (Not Found) @ http://localhost:3000/api/agents:0
[    1632ms] Error: API error: 404 Not Found
    at request (webpack-internal:///(app-pages-browser)/./lib/api-client.ts:21:15)
[  240807ms] [ERROR] WebSocket connection to 'ws://localhost:3000/ws?key=' failed: WebSocket opening handshake timed out @ webpack-internal:///(app-pages-browser)/./lib/ws-client.ts:23
[  240809ms] [ERROR] WebSocket error: Event @ webpack-internal:///(app-pages-browser)/../../node_modules/.pnpm/next@15.5.12_react-dom@19.2.4_react@19.2.4__react@19.2.4/node_modules/next/dist/next-devtools/userspace/app/errors/intercept-console-error.js:56
[  483826ms] [ERROR] WebSocket connection to 'ws://localhost:3000/ws?key=' failed: WebSocket opening handshake timed out @ webpack-internal:///(app-pages-browser)/./lib/ws-client.ts:23
[  483827ms] [ERROR] WebSocket error: Event @ webpack-internal:///(app-pages-browser)/../../node_modules/.pnpm/next@15.5.12_react-dom@19.2.4_react@19.2.4__react@19.2.4/node_modules/next/dist/next-devtools/userspace/app/errors/intercept-console-error.js:56
[  726845ms] [ERROR] WebSocket connection to 'ws://localhost:3000/ws?key=' failed: WebSocket opening handshake timed out @ webpack-internal:///(app-pages-browser)/./lib/ws-client.ts:23
[  726847ms] [ERROR] WebSocket error: Event @ webpack-internal:///(app-pages-browser)/../../node_modules/.pnpm/next@15.5.12_react-dom@19.2.4_react@19.2.4__react@19.2.4/node_modules/next/dist/next-devtools/userspace/app/errors/intercept-console-error.js:56
[  969861ms] [ERROR] WebSocket connection to 'ws://localhost:3000/ws?key=' failed: WebSocket opening handshake timed out @ webpack-internal:///(app-pages-browser)/./lib/ws-client.ts:23
[  969862ms] [ERROR] WebSocket error: Event @ webpack-internal:///(app-pages-browser)/../../node_modules/.pnpm/next@15.5.12_react-dom@19.2.4_react@19.2.4__react@19.2.4/node_modules/next/dist/next-devtools/userspace/app/errors/intercept-console-error.js:56
[ 1212875ms] [ERROR] WebSocket connection to 'ws://localhost:3000/ws?key=' failed: WebSocket opening handshake timed out @ webpack-internal:///(app-pages-browser)/./lib/ws-client.ts:23
[ 1212877ms] [ERROR] WebSocket error: Event @ webpack-internal:///(app-pages-browser)/../../node_modules/.pnpm/next@15.5.12_react-dom@19.2.4_react@19.2.4__react@19.2.4/node_modules/next/dist/next-devtools/userspace/app/errors/intercept-console-error.js:56
[ 1455889ms] [ERROR] WebSocket connection to 'ws://localhost:3000/ws?key=' failed: WebSocket opening handshake timed out @ webpack-internal:///(app-pages-browser)/./lib/ws-client.ts:23
[ 1455891ms] [ERROR] WebSocket error: Event @ webpack-internal:///(app-pages-browser)/../../node_modules/.pnpm/next@15.5.12_react-dom@19.2.4_react@19.2.4__react@19.2.4/node_modules/next/dist/next-devtools/userspace/app/errors/intercept-console-error.js:56
[ 1698897ms] [ERROR] WebSocket connection to 'ws://localhost:3000/ws?key=' failed: WebSocket opening handshake timed out @ webpack-internal:///(app-pages-browser)/./lib/ws-client.ts:23
[ 1698899ms] [ERROR] WebSocket error: Event @ webpack-internal:///(app-pages-browser)/../../node_modules/.pnpm/next@15.5.12_react-dom@19.2.4_react@19.2.4__react@19.2.4/node_modules/next/dist/next-devtools/userspace/app/errors/intercept-console-error.js:56
[ 1941922ms] [ERROR] WebSocket connection to 'ws://localhost:3000/ws?key=' failed: WebSocket opening handshake timed out @ webpack-internal:///(app-pages-browser)/./lib/ws-client.ts:23
[ 1941936ms] [ERROR] WebSocket error: Event @ webpack-internal:///(app-pages-browser)/../../node_modules/.pnpm/next@15.5.12_react-dom@19.2.4_react@19.2.4__react@19.2.4/node_modules/next/dist/next-devtools/userspace/app/errors/intercept-console-error.js:56
[ 2184973ms] [ERROR] WebSocket connection to 'ws://localhost:3000/ws?key=' failed: WebSocket opening handshake timed out @ webpack-internal:///(app-pages-browser)/./lib/ws-client.ts:23
[ 2184986ms] [ERROR] WebSocket error: Event @ webpack-internal:///(app-pages-browser)/../../node_modules/.pnpm/next@15.5.12_react-dom@19.2.4_react@19.2.4__react@19.2.4/node_modules/next/dist/next-devtools/userspace/app/errors/intercept-console-error.js:56
[ 2428033ms] [ERROR] WebSocket connection to 'ws://localhost:3000/ws?key=' failed: WebSocket opening handshake timed out @ webpack-internal:///(app-pages-browser)/./lib/ws-client.ts:23
[ 2428047ms] [ERROR] WebSocket error: Event @ webpack-internal:///(app-pages-browser)/../../node_modules/.pnpm/next@15.5.12_react-dom@19.2.4_react@19.2.4__react@19.2.4/node_modules/next/dist/next-devtools/userspace/app/errors/intercept-console-error.js:56
[ 2671092ms] [ERROR] WebSocket connection to 'ws://localhost:3000/ws?key=' failed: WebSocket opening handshake timed out @ webpack-internal:///(app-pages-browser)/./lib/ws-client.ts:23
[ 2671118ms] [ERROR] WebSocket error: Event @ webpack-internal:///(app-pages-browser)/../../node_modules/.pnpm/next@15.5.12_react-dom@19.2.4_react@19.2.4__react@19.2.4/node_modules/next/dist/next-devtools/userspace/app/errors/intercept-console-error.js:56
[ 2914168ms] [ERROR] WebSocket connection to 'ws://localhost:3000/ws?key=' failed: WebSocket opening handshake timed out @ webpack-internal:///(app-pages-browser)/./lib/ws-client.ts:23
[ 2914182ms] [ERROR] WebSocket error: Event @ webpack-internal:///(app-pages-browser)/../../node_modules/.pnpm/next@15.5.12_react-dom@19.2.4_react@19.2.4__react@19.2.4/node_modules/next/dist/next-devtools/userspace/app/errors/intercept-console-error.js:56
[ 3157224ms] [ERROR] WebSocket connection to 'ws://localhost:3000/ws?key=' failed: WebSocket opening handshake timed out @ webpack-internal:///(app-pages-browser)/./lib/ws-client.ts:23
[ 3157239ms] [ERROR] WebSocket error: Event @ webpack-internal:///(app-pages-browser)/../../node_modules/.pnpm/next@15.5.12_react-dom@19.2.4_react@19.2.4__react@19.2.4/node_modules/next/dist/next-devtools/userspace/app/errors/intercept-console-error.js:56
[ 3400301ms] [ERROR] WebSocket connection to 'ws://localhost:3000/ws?key=' failed: WebSocket opening handshake timed out @ webpack-internal:///(app-pages-browser)/./lib/ws-client.ts:23
[ 3400316ms] [ERROR] WebSocket error: Event @ webpack-internal:///(app-pages-browser)/../../node_modules/.pnpm/next@15.5.12_react-dom@19.2.4_react@19.2.4__react@19.2.4/node_modules/next/dist/next-devtools/userspace/app/errors/intercept-console-error.js:56
